---------------------------------------------------------------
[ 2020-10-12T00:52:42+08:00 ] 127.0.0.1 127.0.0.1 GET /admin/category/index.html
[ info ] venuscmf.test/admin/category/index.html [运行时间：0.831055s][吞吐率：1.20req/s] [内存消耗：2,211.42kb] [文件加载：51]
[ info ] [ LANG ] D:\PHPCode\venuscmf_tp5\thinkphp\lang\zh-cn.php
[ info ] [ ROUTE ] array (
  'type' => 'module',
  'module' => 
  array (
    0 => 'admin',
    1 => 'category',
    2 => 'index',
  ),
)
[ info ] [ HEADER ] array (
  'cookie' => 'PHPSESSID=8va8bb5lqft7rcn676err5vrg8; edit_back_referrer=',
  'accept-language' => 'zh-CN,zh;q=0.9,en;q=0.8',
  'accept-encoding' => 'gzip, deflate',
  'referer' => 'http://venuscmf.test/admin/category/index.html',
  'accept' => 'text/html,application/xhtml+xml,application/xml;q=0.9,image/avif,image/webp,image/apng,*/*;q=0.8,application/signed-exchange;v=b3;q=0.9',
  'user-agent' => 'Mozilla/5.0 (Windows NT 10.0; Win64; x64) AppleWebKit/537.36 (KHTML, like Gecko) Chrome/86.0.4240.75 Safari/537.36',
  'upgrade-insecure-requests' => '1',
  'cache-control' => 'max-age=0',
  'connection' => 'keep-alive',
  'host' => 'venuscmf.test',
  'content-length' => '',
  'content-type' => '',
)
[ info ] [ PARAM ] array (
)
[ info ] [ SESSION ] INIT array (
  'prefix' => 'think',
  'type' => '',
  'auto_start' => true,
)
[ info ] [ DB ] INIT mysql
[ info ] [ CACHE ] INIT File
[ info ] [ RUN ] app\admin\controller\Category->index[ D:\PHPCode\venuscmf_tp5\app\admin\controller\Category.php ]
[ info ] [ VIEW ] D:\PHPCode\venuscmf_tp5\public/../app/admin\view\category\index.html [ array (
  0 => 'version',
  1 => 'systime',
  2 => 'sidebar',
  3 => 'nowmenuname',
  4 => 'username',
  5 => 'categorylists',
) ]
[ info ] [ LOG ] INIT File
[ sql ] [ DB ] CONNECT:[ UseTime:0.025240s ] mysql:dbname=venuscmf;host=127.0.0.1;port=3306;charset=utf8
[ sql ] [ SQL ] SHOW COLUMNS FROM `ven_users` [ RunTime:0.041145s ]
[ sql ] [ SQL ] SELECT `status` FROM `ven_users` WHERE  `id` = 1 LIMIT 1 [ RunTime:0.003277s ]
[ sql ] [ SQL ] SHOW COLUMNS FROM `ven_category` [ RunTime:0.028366s ]
[ sql ] [ SQL ] SELECT * FROM `ven_category` ORDER BY `path`  asc [ RunTime:0.000477s ]
---------------------------------------------------------------
[ 2020-10-12T00:52:46+08:00 ] 127.0.0.1 127.0.0.1 GET /admin/article/index.html
[ info ] venuscmf.test/admin/article/index.html [运行时间：0.169475s][吞吐率：5.90req/s] [内存消耗：2,239.51kb] [文件加载：52]
[ info ] [ LANG ] D:\PHPCode\venuscmf_tp5\thinkphp\lang\zh-cn.php
[ info ] [ ROUTE ] array (
  'type' => 'module',
  'module' => 
  array (
    0 => 'admin',
    1 => 'article',
    2 => 'index',
  ),
)
[ info ] [ HEADER ] array (
  'cookie' => 'PHPSESSID=8va8bb5lqft7rcn676err5vrg8; edit_back_referrer=',
  'accept-language' => 'zh-CN,zh;q=0.9,en;q=0.8',
  'accept-encoding' => 'gzip, deflate',
  'referer' => 'http://venuscmf.test/admin/category/index.html',
  'accept' => 'text/html,application/xhtml+xml,application/xml;q=0.9,image/avif,image/webp,image/apng,*/*;q=0.8,application/signed-exchange;v=b3;q=0.9',
  'user-agent' => 'Mozilla/5.0 (Windows NT 10.0; Win64; x64) AppleWebKit/537.36 (KHTML, like Gecko) Chrome/86.0.4240.75 Safari/537.36',
  'upgrade-insecure-requests' => '1',
  'connection' => 'keep-alive',
  'host' => 'venuscmf.test',
  'content-length' => '',
  'content-type' => '',
)
[ info ] [ PARAM ] array (
)
[ info ] [ SESSION ] INIT array (
  'prefix' => 'think',
  'type' => '',
  'auto_start' => true,
)
[ info ] [ DB ] INIT mysql
[ info ] [ CACHE ] INIT File
[ info ] [ RUN ] app\admin\controller\Article->index[ D:\PHPCode\venuscmf_tp5\app\admin\controller\Article.php ]
[ info ] [ VIEW ] D:\PHPCode\venuscmf_tp5\public/../app/admin\view\article\index.html [ array (
  0 => 'version',
  1 => 'systime',
  2 => 'sidebar',
  3 => 'nowmenuname',
  4 => 'username',
  5 => 'lists',
  6 => 'allpages',
  7 => 'nowpage',
  8 => 'startime',
  9 => 'endtime',
  10 => 'title',
) ]
[ info ] [ LOG ] INIT File
[ sql ] [ DB ] CONNECT:[ UseTime:0.000948s ] mysql:dbname=venuscmf;host=127.0.0.1;port=3306;charset=utf8
[ sql ] [ SQL ] SHOW COLUMNS FROM `ven_users` [ RunTime:0.022579s ]
[ sql ] [ SQL ] SELECT `status` FROM `ven_users` WHERE  `id` = 1 LIMIT 1 [ RunTime:0.000332s ]
[ sql ] [ SQL ] SHOW COLUMNS FROM `ven_article` [ RunTime:0.042378s ]
[ sql ] [ SQL ] SELECT COUNT(*) AS tp_count FROM `ven_article` LIMIT 1 [ RunTime:0.001453s ]
[ sql ] [ SQL ] SELECT * FROM `ven_article` ORDER BY id desc LIMIT 0,10 [ RunTime:0.000806s ]
[ sql ] [ SQL ] SHOW COLUMNS FROM `ven_category` [ RunTime:0.016938s ]
[ sql ] [ SQL ] SELECT `name` FROM `ven_category` WHERE  `id` = 15 LIMIT 1 [ RunTime:0.000303s ]
---------------------------------------------------------------
[ 2020-10-12T00:52:49+08:00 ] 127.0.0.1 127.0.0.1 GET /admin/article/add.html
[ info ] venuscmf.test/admin/article/add.html [运行时间：0.137825s][吞吐率：7.26req/s] [内存消耗：2,215.41kb] [文件加载：52]
[ info ] [ LANG ] D:\PHPCode\venuscmf_tp5\thinkphp\lang\zh-cn.php
[ info ] [ ROUTE ] array (
  'type' => 'module',
  'module' => 
  array (
    0 => 'admin',
    1 => 'article',
    2 => 'add',
  ),
)
[ info ] [ HEADER ] array (
  'cookie' => 'PHPSESSID=8va8bb5lqft7rcn676err5vrg8; edit_back_referrer=',
  'accept-language' => 'zh-CN,zh;q=0.9,en;q=0.8',
  'accept-encoding' => 'gzip, deflate',
  'referer' => 'http://venuscmf.test/admin/article/index.html',
  'accept' => 'text/html,application/xhtml+xml,application/xml;q=0.9,image/avif,image/webp,image/apng,*/*;q=0.8,application/signed-exchange;v=b3;q=0.9',
  'user-agent' => 'Mozilla/5.0 (Windows NT 10.0; Win64; x64) AppleWebKit/537.36 (KHTML, like Gecko) Chrome/86.0.4240.75 Safari/537.36',
  'upgrade-insecure-requests' => '1',
  'connection' => 'keep-alive',
  'host' => 'venuscmf.test',
  'content-length' => '',
  'content-type' => '',
)
[ info ] [ PARAM ] array (
)
[ info ] [ SESSION ] INIT array (
  'prefix' => 'think',
  'type' => '',
  'auto_start' => true,
)
[ info ] [ DB ] INIT mysql
[ info ] [ CACHE ] INIT File
[ info ] [ RUN ] app\admin\controller\Article->add[ D:\PHPCode\venuscmf_tp5\app\admin\controller\Article.php ]
[ info ] [ VIEW ] D:\PHPCode\venuscmf_tp5\public/../app/admin\view\article\add.html [ array (
  0 => 'version',
  1 => 'systime',
  2 => 'sidebar',
  3 => 'nowmenuname',
  4 => 'username',
  5 => 'categorylists',
) ]
[ info ] [ LOG ] INIT File
[ sql ] [ DB ] CONNECT:[ UseTime:0.010139s ] mysql:dbname=venuscmf;host=127.0.0.1;port=3306;charset=utf8
[ sql ] [ SQL ] SHOW COLUMNS FROM `ven_users` [ RunTime:0.023871s ]
[ sql ] [ SQL ] SELECT `status` FROM `ven_users` WHERE  `id` = 1 LIMIT 1 [ RunTime:0.000424s ]
[ sql ] [ SQL ] SHOW COLUMNS FROM `ven_category` [ RunTime:0.019555s ]
[ sql ] [ SQL ] SELECT * FROM `ven_category` ORDER BY `path`  asc [ RunTime:0.000461s ]
[ sql ] [ SQL ] SELECT `id` FROM `ven_category` WHERE  `pid` = 1 LIMIT 1 [ RunTime:0.000288s ]
[ sql ] [ SQL ] SELECT `id` FROM `ven_category` WHERE  `pid` = 2 LIMIT 1 [ RunTime:0.000246s ]
[ sql ] [ SQL ] SELECT `id` FROM `ven_category` WHERE  `pid` = 15 LIMIT 1 [ RunTime:0.000240s ]
[ sql ] [ SQL ] SELECT `id` FROM `ven_category` WHERE  `pid` = 3 LIMIT 1 [ RunTime:0.000239s ]
[ sql ] [ SQL ] SELECT `id` FROM `ven_category` WHERE  `pid` = 16 LIMIT 1 [ RunTime:0.000239s ]
[ sql ] [ SQL ] SELECT `id` FROM `ven_category` WHERE  `pid` = 4 LIMIT 1 [ RunTime:0.000232s ]
[ sql ] [ SQL ] SELECT `id` FROM `ven_category` WHERE  `pid` = 17 LIMIT 1 [ RunTime:0.000204s ]
[ sql ] [ SQL ] SELECT `id` FROM `ven_category` WHERE  `pid` = 5 LIMIT 1 [ RunTime:0.000188s ]
[ sql ] [ SQL ] SELECT `id` FROM `ven_category` WHERE  `pid` = 6 LIMIT 1 [ RunTime:0.000180s ]
[ sql ] [ SQL ] SELECT `id` FROM `ven_category` WHERE  `pid` = 12 LIMIT 1 [ RunTime:0.000231s ]
[ sql ] [ SQL ] SELECT `id` FROM `ven_category` WHERE  `pid` = 18 LIMIT 1 [ RunTime:0.000214s ]
[ sql ] [ SQL ] SELECT `id` FROM `ven_category` WHERE  `pid` = 19 LIMIT 1 [ RunTime:0.000212s ]
[ sql ] [ SQL ] SELECT `id` FROM `ven_category` WHERE  `pid` = 7 LIMIT 1 [ RunTime:0.000198s ]
[ sql ] [ SQL ] SELECT `id` FROM `ven_category` WHERE  `pid` = 13 LIMIT 1 [ RunTime:0.000212s ]
[ sql ] [ SQL ] SELECT `id` FROM `ven_category` WHERE  `pid` = 20 LIMIT 1 [ RunTime:0.000191s ]
[ sql ] [ SQL ] SELECT `id` FROM `ven_category` WHERE  `pid` = 21 LIMIT 1 [ RunTime:0.000261s ]
[ sql ] [ SQL ] SELECT `id` FROM `ven_category` WHERE  `pid` = 8 LIMIT 1 [ RunTime:0.000266s ]
[ sql ] [ SQL ] SELECT `id` FROM `ven_category` WHERE  `pid` = 14 LIMIT 1 [ RunTime:0.000180s ]
[ sql ] [ SQL ] SELECT `id` FROM `ven_category` WHERE  `pid` = 9 LIMIT 1 [ RunTime:0.000169s ]
[ sql ] [ SQL ] SELECT `id` FROM `ven_category` WHERE  `pid` = 10 LIMIT 1 [ RunTime:0.000166s ]
[ sql ] [ SQL ] SELECT `id` FROM `ven_category` WHERE  `pid` = 11 LIMIT 1 [ RunTime:0.000165s ]
---------------------------------------------------------------
[ 2020-10-12T00:52:49+08:00 ] 127.0.0.1 127.0.0.1 GET /admin/ueditor/doupload/savepath/article.html?action=config&&noCache=1602435169505
[ info ] venuscmf.test/admin/ueditor/doupload/savepath/article.html?action=config&&noCache=1602435169505 [运行时间：0.080830s][吞吐率：12.37req/s] [内存消耗：2,152.63kb] [文件加载：48]
[ info ] [ LANG ] D:\PHPCode\venuscmf_tp5\thinkphp\lang\zh-cn.php
[ info ] [ ROUTE ] array (
  'type' => 'module',
  'module' => 
  array (
    0 => 'admin',
    1 => 'ueditor',
    2 => 'doupload',
  ),
)
[ info ] [ HEADER ] array (
  'cookie' => 'PHPSESSID=8va8bb5lqft7rcn676err5vrg8; edit_back_referrer=',
  'accept-language' => 'zh-CN,zh;q=0.9,en;q=0.8',
  'accept-encoding' => 'gzip, deflate',
  'referer' => 'http://venuscmf.test/admin/article/add.html',
  'accept' => '*/*',
  'user-agent' => 'Mozilla/5.0 (Windows NT 10.0; Win64; x64) AppleWebKit/537.36 (KHTML, like Gecko) Chrome/86.0.4240.75 Safari/537.36',
  'connection' => 'keep-alive',
  'host' => 'venuscmf.test',
  'content-length' => '',
  'content-type' => '',
)
[ info ] [ PARAM ] array (
  'action' => 'config',
  'noCache' => '1602435169505',
  'savepath' => 'article',
)
[ info ] [ SESSION ] INIT array (
  'prefix' => 'think',
  'type' => '',
  'auto_start' => true,
)
[ info ] [ DB ] INIT mysql
[ info ] [ CACHE ] INIT File
[ info ] [ RUN ] app\admin\controller\Ueditor->doupload[ D:\PHPCode\venuscmf_tp5\app\admin\controller\Ueditor.php ]
[ info ] [ LOG ] INIT File
[ sql ] [ DB ] CONNECT:[ UseTime:0.000772s ] mysql:dbname=venuscmf;host=127.0.0.1;port=3306;charset=utf8
[ sql ] [ SQL ] SHOW COLUMNS FROM `ven_users` [ RunTime:0.014036s ]
[ sql ] [ SQL ] SELECT `status` FROM `ven_users` WHERE  `id` = 1 LIMIT 1 [ RunTime:0.000362s ]
---------------------------------------------------------------
[ 2020-10-12T00:53:10+08:00 ] 127.0.0.1 127.0.0.1 GET /admin/article/index.html
[ info ] venuscmf.test/admin/article/index.html [运行时间：0.108344s][吞吐率：9.23req/s] [内存消耗：2,239.51kb] [文件加载：52]
[ info ] [ LANG ] D:\PHPCode\venuscmf_tp5\thinkphp\lang\zh-cn.php
[ info ] [ ROUTE ] array (
  'type' => 'module',
  'module' => 
  array (
    0 => 'admin',
    1 => 'article',
    2 => 'index',
  ),
)
[ info ] [ HEADER ] array (
  'cookie' => 'PHPSESSID=8va8bb5lqft7rcn676err5vrg8; edit_back_referrer=',
  'accept-language' => 'zh-CN,zh;q=0.9,en;q=0.8',
  'accept-encoding' => 'gzip, deflate',
  'referer' => 'http://venuscmf.test/admin/article/add.html',
  'accept' => 'text/html,application/xhtml+xml,application/xml;q=0.9,image/avif,image/webp,image/apng,*/*;q=0.8,application/signed-exchange;v=b3;q=0.9',
  'user-agent' => 'Mozilla/5.0 (Windows NT 10.0; Win64; x64) AppleWebKit/537.36 (KHTML, like Gecko) Chrome/86.0.4240.75 Safari/537.36',
  'upgrade-insecure-requests' => '1',
  'connection' => 'keep-alive',
  'host' => 'venuscmf.test',
  'content-length' => '',
  'content-type' => '',
)
[ info ] [ PARAM ] array (
)
[ info ] [ SESSION ] INIT array (
  'prefix' => 'think',
  'type' => '',
  'auto_start' => true,
)
[ info ] [ DB ] INIT mysql
[ info ] [ CACHE ] INIT File
[ info ] [ RUN ] app\admin\controller\Article->index[ D:\PHPCode\venuscmf_tp5\app\admin\controller\Article.php ]
[ info ] [ VIEW ] D:\PHPCode\venuscmf_tp5\public/../app/admin\view\article\index.html [ array (
  0 => 'version',
  1 => 'systime',
  2 => 'sidebar',
  3 => 'nowmenuname',
  4 => 'username',
  5 => 'lists',
  6 => 'allpages',
  7 => 'nowpage',
  8 => 'startime',
  9 => 'endtime',
  10 => 'title',
) ]
[ info ] [ LOG ] INIT File
[ sql ] [ DB ] CONNECT:[ UseTime:0.010685s ] mysql:dbname=venuscmf;host=127.0.0.1;port=3306;charset=utf8
[ sql ] [ SQL ] SHOW COLUMNS FROM `ven_users` [ RunTime:0.023343s ]
[ sql ] [ SQL ] SELECT `status` FROM `ven_users` WHERE  `id` = 1 LIMIT 1 [ RunTime:0.000301s ]
[ sql ] [ SQL ] SHOW COLUMNS FROM `ven_article` [ RunTime:0.016395s ]
[ sql ] [ SQL ] SELECT COUNT(*) AS tp_count FROM `ven_article` LIMIT 1 [ RunTime:0.000319s ]
[ sql ] [ SQL ] SELECT * FROM `ven_article` ORDER BY id desc LIMIT 0,10 [ RunTime:0.000381s ]
[ sql ] [ SQL ] SHOW COLUMNS FROM `ven_category` [ RunTime:0.015728s ]
[ sql ] [ SQL ] SELECT `name` FROM `ven_category` WHERE  `id` = 15 LIMIT 1 [ RunTime:0.000292s ]
---------------------------------------------------------------
[ 2020-10-12T00:53:13+08:00 ] 127.0.0.1 127.0.0.1 GET /admin/article/edit/id/1.html
[ info ] venuscmf.test/admin/article/edit/id/1.html [运行时间：0.226753s][吞吐率：4.41req/s] [内存消耗：2,428.09kb] [文件加载：54]
[ info ] [ LANG ] D:\PHPCode\venuscmf_tp5\thinkphp\lang\zh-cn.php
[ info ] [ ROUTE ] array (
  'type' => 'module',
  'module' => 
  array (
    0 => 'admin',
    1 => 'article',
    2 => 'edit',
  ),
)
[ info ] [ HEADER ] array (
  'cookie' => 'PHPSESSID=8va8bb5lqft7rcn676err5vrg8; edit_back_referrer=',
  'accept-language' => 'zh-CN,zh;q=0.9,en;q=0.8',
  'accept-encoding' => 'gzip, deflate',
  'referer' => 'http://venuscmf.test/admin/article/index.html',
  'accept' => 'text/html,application/xhtml+xml,application/xml;q=0.9,image/avif,image/webp,image/apng,*/*;q=0.8,application/signed-exchange;v=b3;q=0.9',
  'user-agent' => 'Mozilla/5.0 (Windows NT 10.0; Win64; x64) AppleWebKit/537.36 (KHTML, like Gecko) Chrome/86.0.4240.75 Safari/537.36',
  'upgrade-insecure-requests' => '1',
  'connection' => 'keep-alive',
  'host' => 'venuscmf.test',
  'content-length' => '',
  'content-type' => '',
)
[ info ] [ PARAM ] array (
  'id' => '1',
)
[ info ] [ SESSION ] INIT array (
  'prefix' => 'think',
  'type' => '',
  'auto_start' => true,
)
[ info ] [ DB ] INIT mysql
[ info ] [ CACHE ] INIT File
[ info ] [ RUN ] app\admin\controller\Article->edit[ D:\PHPCode\venuscmf_tp5\app\admin\controller\Article.php ]
[ info ] [ VIEW ] D:\PHPCode\venuscmf_tp5\public/../app/admin\view\article\edit.html [ array (
  0 => 'version',
  1 => 'systime',
  2 => 'sidebar',
  3 => 'nowmenuname',
  4 => 'username',
  5 => 'categorylists',
  6 => 'lists',
) ]
[ info ] [ LOG ] INIT File
[ sql ] [ DB ] CONNECT:[ UseTime:0.000801s ] mysql:dbname=venuscmf;host=127.0.0.1;port=3306;charset=utf8
[ sql ] [ SQL ] SHOW COLUMNS FROM `ven_users` [ RunTime:0.024746s ]
[ sql ] [ SQL ] SELECT `status` FROM `ven_users` WHERE  `id` = 1 LIMIT 1 [ RunTime:0.000400s ]
[ sql ] [ SQL ] SHOW COLUMNS FROM `ven_article` [ RunTime:0.017425s ]
[ sql ] [ SQL ] SELECT * FROM `ven_article` WHERE  `id` = 1 LIMIT 1 [ RunTime:0.000508s ]
[ sql ] [ SQL ] SHOW COLUMNS FROM `ven_category` [ RunTime:0.015377s ]
[ sql ] [ SQL ] SELECT * FROM `ven_category` ORDER BY `path`  asc [ RunTime:0.000382s ]
[ sql ] [ SQL ] SELECT `id` FROM `ven_category` WHERE  `pid` = 1 LIMIT 1 [ RunTime:0.000251s ]
[ sql ] [ SQL ] SELECT `id` FROM `ven_category` WHERE  `pid` = 2 LIMIT 1 [ RunTime:0.000227s ]
[ sql ] [ SQL ] SELECT `id` FROM `ven_category` WHERE  `pid` = 15 LIMIT 1 [ RunTime:0.000224s ]
[ sql ] [ SQL ] SELECT `id` FROM `ven_category` WHERE  `pid` = 3 LIMIT 1 [ RunTime:0.000216s ]
[ sql ] [ SQL ] SELECT `id` FROM `ven_category` WHERE  `pid` = 16 LIMIT 1 [ RunTime:0.000221s ]
[ sql ] [ SQL ] SELECT `id` FROM `ven_category` WHERE  `pid` = 4 LIMIT 1 [ RunTime:0.000201s ]
[ sql ] [ SQL ] SELECT `id` FROM `ven_category` WHERE  `pid` = 17 LIMIT 1 [ RunTime:0.000196s ]
[ sql ] [ SQL ] SELECT `id` FROM `ven_category` WHERE  `pid` = 5 LIMIT 1 [ RunTime:0.000189s ]
[ sql ] [ SQL ] SELECT `id` FROM `ven_category` WHERE  `pid` = 6 LIMIT 1 [ RunTime:0.000189s ]
[ sql ] [ SQL ] SELECT `id` FROM `ven_category` WHERE  `pid` = 12 LIMIT 1 [ RunTime:0.000193s ]
[ sql ] [ SQL ] SELECT `id` FROM `ven_category` WHERE  `pid` = 18 LIMIT 1 [ RunTime:0.000199s ]
[ sql ] [ SQL ] SELECT `id` FROM `ven_category` WHERE  `pid` = 19 LIMIT 1 [ RunTime:0.000149s ]
[ sql ] [ SQL ] SELECT `id` FROM `ven_category` WHERE  `pid` = 7 LIMIT 1 [ RunTime:0.000175s ]
[ sql ] [ SQL ] SELECT `id` FROM `ven_category` WHERE  `pid` = 13 LIMIT 1 [ RunTime:0.000152s ]
[ sql ] [ SQL ] SELECT `id` FROM `ven_category` WHERE  `pid` = 20 LIMIT 1 [ RunTime:0.000279s ]
[ sql ] [ SQL ] SELECT `id` FROM `ven_category` WHERE  `pid` = 21 LIMIT 1 [ RunTime:0.000283s ]
[ sql ] [ SQL ] SELECT `id` FROM `ven_category` WHERE  `pid` = 8 LIMIT 1 [ RunTime:0.000222s ]
[ sql ] [ SQL ] SELECT `id` FROM `ven_category` WHERE  `pid` = 14 LIMIT 1 [ RunTime:0.000157s ]
[ sql ] [ SQL ] SELECT `id` FROM `ven_category` WHERE  `pid` = 9 LIMIT 1 [ RunTime:0.000170s ]
[ sql ] [ SQL ] SELECT `id` FROM `ven_category` WHERE  `pid` = 10 LIMIT 1 [ RunTime:0.000253s ]
[ sql ] [ SQL ] SELECT `id` FROM `ven_category` WHERE  `pid` = 11 LIMIT 1 [ RunTime:0.000176s ]
---------------------------------------------------------------
[ 2020-10-12T00:53:13+08:00 ] 127.0.0.1 127.0.0.1 GET /admin/ueditor/doupload/savepath/article.html?action=config&&noCache=1602435193420
[ info ] venuscmf.test/admin/ueditor/doupload/savepath/article.html?action=config&&noCache=1602435193420 [运行时间：0.065592s][吞吐率：15.25req/s] [内存消耗：2,152.91kb] [文件加载：48]
[ info ] [ LANG ] D:\PHPCode\venuscmf_tp5\thinkphp\lang\zh-cn.php
[ info ] [ ROUTE ] array (
  'type' => 'module',
  'module' => 
  array (
    0 => 'admin',
    1 => 'ueditor',
    2 => 'doupload',
  ),
)
[ info ] [ HEADER ] array (
  'cookie' => 'PHPSESSID=8va8bb5lqft7rcn676err5vrg8; edit_back_referrer=http%3A%2F%2Fvenuscmf.test%2Fadmin%2Farticle%2Findex.html',
  'accept-language' => 'zh-CN,zh;q=0.9,en;q=0.8',
  'accept-encoding' => 'gzip, deflate',
  'referer' => 'http://venuscmf.test/admin/article/edit/id/1.html',
  'accept' => '*/*',
  'user-agent' => 'Mozilla/5.0 (Windows NT 10.0; Win64; x64) AppleWebKit/537.36 (KHTML, like Gecko) Chrome/86.0.4240.75 Safari/537.36',
  'connection' => 'keep-alive',
  'host' => 'venuscmf.test',
  'content-length' => '',
  'content-type' => '',
)
[ info ] [ PARAM ] array (
  'action' => 'config',
  'noCache' => '1602435193420',
  'savepath' => 'article',
)
[ info ] [ SESSION ] INIT array (
  'prefix' => 'think',
  'type' => '',
  'auto_start' => true,
)
[ info ] [ DB ] INIT mysql
[ info ] [ CACHE ] INIT File
[ info ] [ RUN ] app\admin\controller\Ueditor->doupload[ D:\PHPCode\venuscmf_tp5\app\admin\controller\Ueditor.php ]
[ info ] [ LOG ] INIT File
[ sql ] [ DB ] CONNECT:[ UseTime:0.001026s ] mysql:dbname=venuscmf;host=127.0.0.1;port=3306;charset=utf8
[ sql ] [ SQL ] SHOW COLUMNS FROM `ven_users` [ RunTime:0.017097s ]
[ sql ] [ SQL ] SELECT `status` FROM `ven_users` WHERE  `id` = 1 LIMIT 1 [ RunTime:0.000435s ]
---------------------------------------------------------------
[ 2020-10-12T00:53:13+08:00 ] 127.0.0.1 127.0.0.1 GET /uploads/article/20201038ec1ca9933654aef57a2dcd08595925.png
[ info ] venuscmf.test/uploads/article/20201038ec1ca9933654aef57a2dcd08595925.png [运行时间：0.091529s][吞吐率：10.93req/s] [内存消耗：822.02kb] [文件加载：26]
[ info ] [ LANG ] D:\PHPCode\venuscmf_tp5\thinkphp\lang\zh-cn.php
[ info ] [ ROUTE ] array (
  'type' => 'module',
  'module' => 
  array (
    0 => 'uploads',
    1 => 'article',
    2 => '20201038ec1ca9933654aef57a2dcd08595925.png',
  ),
)
[ info ] [ HEADER ] array (
  'cookie' => 'PHPSESSID=8va8bb5lqft7rcn676err5vrg8; edit_back_referrer=http%3A%2F%2Fvenuscmf.test%2Fadmin%2Farticle%2Findex.html',
  'accept-language' => 'zh-CN,zh;q=0.9,en;q=0.8',
  'accept-encoding' => 'gzip, deflate',
  'accept' => 'image/avif,image/webp,image/apng,image/*,*/*;q=0.8',
  'user-agent' => 'Mozilla/5.0 (Windows NT 10.0; Win64; x64) AppleWebKit/537.36 (KHTML, like Gecko) Chrome/86.0.4240.75 Safari/537.36',
  'connection' => 'keep-alive',
  'host' => 'venuscmf.test',
  'content-length' => '',
  'content-type' => '',
)
[ info ] [ PARAM ] array (
)
[ info ] [ LOG ] INIT File
